#
# A fatal error has been detected by the Java Runtime Environment:
#
#  EXCEPTION_ACCESS_VIOLATION (0xc0000005) at pc=0x00007ffe406dd85e, pid=4696, tid=5188
#
# JRE version: Java(TM) SE Runtime Environment (8.0_45-b14) (build 1.8.0_45-b14)
# Java VM: Java HotSpot(TM) 64-Bit Server VM (25.45-b02 mixed mode windows-amd64 compressed oops)
# Problematic frame:
# C  [ntdll.dll+0x3d85e]
#
# Failed to write core dump. Minidumps are not enabled by default on client versions of Windows
#
# If you would like to submit a bug report, please visit:
#   http://bugreport.java.com/bugreport/crash.jsp
# The crash happened outside the Java Virtual Machine in native code.
# See problematic frame for where to report the bug.
#

---------------  T H R E A D  ---------------

Current thread (0x000000001acff000):  JavaThread "AWT-Windows" daemon [_thread_in_native, id=5188, stack(0x000000001b5f0000,0x000000001b6f0000)]

siginfo: ExceptionCode=0xc0000005, writing address 0x0000000000000024

Registers:
RAX=0x0000000000000000, RBX=0x00007ffe2caa7b18, RCX=0x00000000fffffffc, RDX=0x0000000000000efc
RSP=0x000000001b6eef50, RBP=0x00007ff61086a000, RSI=0x0000000000000efc, RDI=0x0000000000000000
R8 =0xffffffffffffffff, R9 =0x00007ff61086a000, R10=0x0000000000000000, R11=0x0000000000000246
R12=0x0000000000000000, R13=0x0000000000000000, R14=0x0000000000000000, R15=0x0000000000000000
RIP=0x00007ffe406dd85e, EFLAGS=0x0000000000010213

Top of Stack: (sp=0x000000001b6eef50)
0x000000001b6eef50:   0000000000000efc 000000007403b6b7
0x000000001b6eef60:   fffffffffffffffe 0000000000000000
0x000000001b6eef70:   0000000000000000 00007ffe3f9e2fd6
0x000000001b6eef80:   0000000000000000 000000001b6ef0c8
0x000000001b6eef90:   0000000000000000 0000000000000201
0x000000001b6eefa0:   0000000000000000 0000000000000000
0x000000001b6eefb0:   00007ffe407310b0 00007ffe3f9e2e1f
0x000000001b6eefc0:   000000001b6ef0a8 0000000000000000
0x000000001b6eefd0:   0000bb3ad33fe29c 0000000000000000
0x000000001b6eefe0:   0000000000000004 0000000000000001
0x000000001b6eeff0:   0000000000000000 000000007ffe0372
0x000000001b6ef000:   0000000000000000 0000000000000000
0x000000001b6ef010:   00007ff61086a000 00007ffe406db254
0x000000001b6ef020:   0000000000000000 0000000000000038
0x000000001b6ef030:   00007ffe2caa7b18 00007ffe3fa10a80
0x000000001b6ef040:   000000001b6ef200 0000000000000201 

Instructions: (pc=0x00007ffe406dd85e)
0x00007ffe406dd83e:   a8 01 0f 85 e0 00 00 00 8b c8 41 2b ce f0 0f b1
0x00007ffe406dd84e:   4b 08 75 e9 48 8b 03 45 33 f6 48 83 f8 ff 74 03
0x00007ffe406dd85e:   ff 40 24 41 bf 82 03 fe 7f 41 8a 0f 84 c9 0f 85
0x00007ffe406dd86e:   a0 fa 06 00 48 83 fe ff 0f 84 f5 fa 06 00 4c 8b 


Register to memory mapping:

RAX=0x0000000000000000 is an unknown value
RBX=0x00007ffe2caa7b18 is an unknown value
RCX=0x00000000fffffffc is an unallocated location in the heap
RDX=0x0000000000000efc is an unknown value
RSP=0x000000001b6eef50 is pointing into the stack for thread: 0x000000001acff000
RBP=0x00007ff61086a000 is an unknown value
RSI=0x0000000000000efc is an unknown value
RDI=0x0000000000000000 is an unknown value
R8 =0xffffffffffffffff is an unknown value
R9 =0x00007ff61086a000 is an unknown value
R10=0x0000000000000000 is an unknown value
R11=0x0000000000000246 is an unknown value
R12=0x0000000000000000 is an unknown value
R13=0x0000000000000000 is an unknown value
R14=0x0000000000000000 is an unknown value
R15=0x0000000000000000 is an unknown value


Stack: [0x000000001b5f0000,0x000000001b6f0000],  sp=0x000000001b6eef50,  free space=1019k
Native frames: (J=compiled Java code, j=interpreted, Vv=VM code, C=native code)
C  [ntdll.dll+0x3d85e]
C  [ntdll.dll+0x3b254]
C  [ltc_game64-96006.dll+0x50a23]
C  [ltc_game64-96006.dll+0x51004]
C  [ltc_game64-96006.dll+0x704a6]
C  [awt.dll+0xca5fa]
C  [awt.dll+0xcc777]
C  [awt.dll+0xcca6b]
C  0x0000000002a45e34

Java frames: (J=compiled Java code, j=interpreted, Vv=VM code)
j  sun.awt.windows.WToolkit.eventLoop()V+0
j  sun.awt.windows.WToolkit.run()V+58
j  java.lang.Thread.run()V+11
v  ~StubRoutines::call_stub

---------------  P R O C E S S  ---------------

Java Threads: ( => current thread )
  0x0000000019d88800 JavaThread "Browser Events Thread" daemon [_thread_blocked, id=9824, stack(0x0000000022580000,0x0000000022680000)]
  0x0000000019d87800 JavaThread "Swing WidgetView Resize Task Executor" daemon [_thread_blocked, id=3760, stack(0x0000000000a20000,0x0000000000b20000)]
  0x0000000019d81800 JavaThread "Browser Events Thread" daemon [_thread_blocked, id=496, stack(0x0000000000920000,0x0000000000a20000)]
  0x0000000019d84000 JavaThread "Browser Events Thread" daemon [_thread_blocked, id=6588, stack(0x0000000000820000,0x0000000000920000)]
  0x0000000019d84800 JavaThread "Socket Writer" daemon [_thread_blocked, id=5424, stack(0x0000000000710000,0x0000000000810000)]
  0x0000000019d81000 JavaThread "Socket Reader" daemon [_thread_in_native, id=9156, stack(0x0000000000610000,0x0000000000710000)]
  0x0000000019d83000 JavaThread "Socket Writer" daemon [_thread_blocked, id=884, stack(0x0000000000410000,0x0000000000510000)]
  0x0000000019d82800 JavaThread "Socket Reader" daemon [_thread_in_native, id=4036, stack(0x0000000000310000,0x0000000000410000)]
  0x0000000019d80000 JavaThread "Socket Writer" daemon [_thread_blocked, id=6208, stack(0x0000000000210000,0x0000000000310000)]
  0x0000000019d7f800 JavaThread "Socket Reader" daemon [_thread_in_native, id=7344, stack(0x0000000000110000,0x0000000000210000)]
  0x0000000019d7e800 JavaThread "Chromium Process Logger" daemon [_thread_in_native, id=9856, stack(0x0000000000010000,0x0000000000110000)]
  0x0000000019a84800 JavaThread "IPC Process Thread" daemon [_thread_in_native, id=6076, stack(0x0000000021c00000,0x0000000021d00000)]
  0x0000000019a85800 JavaThread "IPC Server Thread" daemon [_thread_in_native, id=8172, stack(0x0000000021900000,0x0000000021a00000)]
  0x0000000019a7f800 JavaThread "DestroyJavaVM" [_thread_blocked, id=8980, stack(0x0000000002750000,0x0000000002850000)]
  0x0000000019a82800 JavaThread "db4o WeakReference collector" daemon [_thread_blocked, id=7524, stack(0x0000000020dd0000,0x0000000020ed0000)]
  0x000000001af3b800 JavaThread "GC Daemon" daemon [_thread_blocked, id=5768, stack(0x000000001fb00000,0x000000001fc00000)]
  0x000000001af3a800 JavaThread "RMI Reaper" [_thread_blocked, id=5184, stack(0x000000001fa00000,0x000000001fb00000)]
  0x000000001af58000 JavaThread "RMI TCP Accept-0" daemon [_thread_in_native, id=3648, stack(0x000000001f900000,0x000000001fa00000)]
  0x000000001aee6000 JavaThread "TimerQueue" daemon [_thread_blocked, id=2840, stack(0x000000001f600000,0x000000001f700000)]
  0x000000001ad9c000 JavaThread "D3D Screen Updater" daemon [_thread_blocked, id=8456, stack(0x000000001e890000,0x000000001e990000)]
  0x000000001ad86000 JavaThread "AWT-EventQueue-0" [_thread_in_native, id=2252, stack(0x000000001dfb0000,0x000000001e0b0000)]
=>0x000000001acff000 JavaThread "AWT-Windows" daemon [_thread_in_native, id=5188, stack(0x000000001b5f0000,0x000000001b6f0000)]
  0x000000001ad15800 JavaThread "AWT-Shutdown" [_thread_blocked, id=6500, stack(0x000000001b4f0000,0x000000001b5f0000)]
  0x000000001ad14800 JavaThread "Java2D Disposer" daemon [_thread_blocked, id=6888, stack(0x000000001b3f0000,0x000000001b4f0000)]
  0x0000000019b13000 JavaThread "Service Thread" daemon [_thread_blocked, id=5812, stack(0x000000001a440000,0x000000001a540000)]
  0x0000000019a7e800 JavaThread "C1 CompilerThread3" daemon [_thread_blocked, id=2588, stack(0x000000001a340000,0x000000001a440000)]
  0x0000000019a80000 JavaThread "C2 CompilerThread2" daemon [_thread_blocked, id=3796, stack(0x000000001a240000,0x000000001a340000)]
  0x0000000019a6b000 JavaThread "C2 CompilerThread1" daemon [_thread_blocked, id=6796, stack(0x000000001a140000,0x000000001a240000)]
  0x0000000019a67000 JavaThread "C2 CompilerThread0" daemon [_thread_blocked, id=6760, stack(0x000000001a040000,0x000000001a140000)]
  0x0000000019a65800 JavaThread "Attach Listener" daemon [_thread_blocked, id=9192, stack(0x0000000019f40000,0x000000001a040000)]
  0x0000000019a71800 JavaThread "Signal Dispatcher" daemon [_thread_blocked, id=4432, stack(0x0000000019e40000,0x0000000019f40000)]
  0x00000000029bb000 JavaThread "Finalizer" daemon [_thread_blocked, id=6440, stack(0x0000000019940000,0x0000000019a40000)]
  0x00000000029b4000 JavaThread "Reference Handler" daemon [_thread_blocked, id=8360, stack(0x0000000019840000,0x0000000019940000)]

Other Threads:
  0x0000000017a49800 VMThread [stack: 0x0000000019740000,0x0000000019840000] [id=9776]
  0x0000000019b1b800 WatcherThread [stack: 0x000000001a540000,0x000000001a640000] [id=840]

VM state:not at safepoint (normal execution)

VM Mutex/Monitor currently owned by a thread: None

Heap:
 PSYoungGen      total 38400K, used 31263K [0x00000000d5800000, 0x00000000d8280000, 0x0000000100000000)
  eden space 33280K, 78% used [0x00000000d5800000,0x00000000d718fbf8,0x00000000d7880000)
  from space 5120K, 99% used [0x00000000d7d80000,0x00000000d82780f0,0x00000000d8280000)
  to   space 5120K, 0% used [0x00000000d7880000,0x00000000d7880000,0x00000000d7d80000)
 ParOldGen       total 37888K, used 5293K [0x0000000080800000, 0x0000000082d00000, 0x00000000d5800000)
  object space 37888K, 13% used [0x0000000080800000,0x0000000080d2b598,0x0000000082d00000)
 Metaspace       used 26984K, capacity 27304K, committed 27520K, reserved 1073152K
  class space    used 3586K, capacity 3693K, committed 3712K, reserved 1048576K

Card table byte_map: [0x0000000011df0000,0x00000000121f0000] byte_map_base: 0x00000000119ec000

Marking Bits: (ParMarkBitMap*) 0x0000000075ea4040
 Begin Bits: [0x0000000012ca0000, 0x0000000014c80000)
 End Bits:   [0x0000000014c80000, 0x0000000016c60000)

Polling page: 0x0000000001000000

CodeCache: size=245760Kb used=11163Kb max_used=11175Kb free=234596Kb
 bounds [0x0000000002a30000, 0x0000000003530000, 0x0000000011a30000]
 total_blobs=4210 nmethods=3581 adapters=539
 compilation: enabled

Compilation events (10 events):
Event: 82.353 Thread 0x0000000019a7e800 3914       3       java.util.Locale::getInstance (22 bytes)
Event: 82.353 Thread 0x0000000019a7e800 nmethod 3914 0x0000000003524a90 code [0x0000000003524c20, 0x0000000003524ff8]
Event: 82.353 Thread 0x0000000019a7e800 3915       3       java.util.Locale$LocaleKey::<init> (7 bytes)
Event: 82.353 Thread 0x0000000019a7e800 nmethod 3915 0x000000000351ab50 code [0x000000000351acc0, 0x000000000351ae48]
Event: 82.354 Thread 0x0000000019a7e800 3916       3       sun.java2d.pipe.ValidatePipe::drawRect (25 bytes)
Event: 82.354 Thread 0x0000000019a7e800 nmethod 3916 0x0000000003523fd0 code [0x0000000003524180, 0x00000000035247a8]
Event: 82.842 Thread 0x0000000019a7e800 3917       3       java.util.IdentityHashMap::nextKeyIndex (15 bytes)
Event: 82.842 Thread 0x0000000019a7e800 nmethod 3917 0x0000000003523c90 code [0x0000000003523de0, 0x0000000003523f70]
Event: 92.375 Thread 0x0000000019a6b000 3918       4       java.awt.Container::processEvent (22 bytes)
Event: 92.378 Thread 0x0000000019a6b000 nmethod 3918 0x0000000003521e10 code [0x0000000003521fc0, 0x00000000035222f0]

GC Heap History (10 events):
Event: 0.562 GC heap before
{Heap before GC invocations=2 (full 1):
 PSYoungGen      total 38400K, used 2467K [0x00000000d5800000, 0x00000000d8280000, 0x0000000100000000)
  eden space 33280K, 0% used [0x00000000d5800000,0x00000000d5800000,0x00000000d7880000)
  from space 5120K, 48% used [0x00000000d7880000,0x00000000d7ae8f10,0x00000000d7d80000)
  to   space 5120K, 0% used [0x00000000d7d80000,0x00000000d7d80000,0x00000000d8280000)
 ParOldGen       total 87552K, used 16K [0x0000000080800000, 0x0000000085d80000, 0x00000000d5800000)
  object space 87552K, 0% used [0x0000000080800000,0x0000000080804000,0x0000000085d80000)
 Metaspace       used 12576K, capacity 12810K, committed 13056K, reserved 1060864K
  class space    used 1631K, capacity 1725K, committed 1792K, reserved 1048576K
Event: 0.573 GC heap after
Heap after GC invocations=2 (full 1):
 PSYoungGen      total 38400K, used 0K [0x00000000d5800000, 0x00000000d8280000, 0x0000000100000000)
  eden space 33280K, 0% used [0x00000000d5800000,0x00000000d5800000,0x00000000d7880000)
  from space 5120K, 0% used [0x00000000d7880000,0x00000000d7880000,0x00000000d7d80000)
  to   space 5120K, 0% used [0x00000000d7d80000,0x00000000d7d80000,0x00000000d8280000)
 ParOldGen       total 87552K, used 2311K [0x0000000080800000, 0x0000000085d80000, 0x00000000d5800000)
  object space 87552K, 2% used [0x0000000080800000,0x0000000080a41f00,0x0000000085d80000)
 Metaspace       used 12576K, capacity 12810K, committed 13056K, reserved 1060864K
  class space    used 1631K, capacity 1725K, committed 1792K, reserved 1048576K
}
Event: 2.552 GC heap before
{Heap before GC invocations=3 (full 1):
 PSYoungGen      total 38400K, used 33280K [0x00000000d5800000, 0x00000000d8280000, 0x0000000100000000)
  eden space 33280K, 100% used [0x00000000d5800000,0x00000000d7880000,0x00000000d7880000)
  from space 5120K, 0% used [0x00000000d7880000,0x00000000d7880000,0x00000000d7d80000)
  to   space 5120K, 0% used [0x00000000d7d80000,0x00000000d7d80000,0x00000000d8280000)
 ParOldGen       total 87552K, used 2311K [0x0000000080800000, 0x0000000085d80000, 0x00000000d5800000)
  object space 87552K, 2% used [0x0000000080800000,0x0000000080a41f00,0x0000000085d80000)
 Metaspace       used 17309K, capacity 17554K, committed 17792K, reserved 1064960K
  class space    used 2294K, capacity 2377K, committed 2432K, reserved 1048576K
Event: 2.555 GC heap after
Heap after GC invocations=3 (full 1):
 PSYoungGen      total 38400K, used 3638K [0x00000000d5800000, 0x00000000d8280000, 0x0000000100000000)
  eden space 33280K, 0% used [0x00000000d5800000,0x00000000d5800000,0x00000000d7880000)
  from space 5120K, 71% used [0x00000000d7d80000,0x00000000d810d860,0x00000000d8280000)
  to   space 5120K, 0% used [0x00000000d7880000,0x00000000d7880000,0x00000000d7d80000)
 ParOldGen       total 87552K, used 2319K [0x0000000080800000, 0x0000000085d80000, 0x00000000d5800000)
  object space 87552K, 2% used [0x0000000080800000,0x0000000080a43f00,0x0000000085d80000)
 Metaspace       used 17309K, capacity 17554K, committed 17792K, reserved 1064960K
  class space    used 2294K, capacity 2377K, committed 2432K, reserved 1048576K
}
Event: 20.062 GC heap before
{Heap before GC invocations=4 (full 1):
 PSYoungGen      total 38400K, used 16198K [0x00000000d5800000, 0x00000000d8280000, 0x0000000100000000)
  eden space 33280K, 37% used [0x00000000d5800000,0x00000000d6444350,0x00000000d7880000)
  from space 5120K, 71% used [0x00000000d7d80000,0x00000000d810d860,0x00000000d8280000)
  to   space 5120K, 0% used [0x00000000d7880000,0x00000000d7880000,0x00000000d7d80000)
 ParOldGen       total 87552K, used 2319K [0x0000000080800000, 0x0000000085d80000, 0x00000000d5800000)
  object space 87552K, 2% used [0x0000000080800000,0x0000000080a43f00,0x0000000085d80000)
 Metaspace       used 21349K, capacity 21588K, committed 21760K, reserved 1069056K
  class space    used 2806K, capacity 2908K, committed 2944K, reserved 1048576K
Event: 20.064 GC heap after
Heap after GC invocations=4 (full 1):
 PSYoungGen      total 38400K, used 3113K [0x00000000d5800000, 0x00000000d8280000, 0x0000000100000000)
  eden space 33280K, 0% used [0x00000000d5800000,0x00000000d5800000,0x00000000d7880000)
  from space 5120K, 60% used [0x00000000d7880000,0x00000000d7b8a6b0,0x00000000d7d80000)
  to   space 5120K, 0% used [0x00000000d7d80000,0x00000000d7d80000,0x00000000d8280000)
 ParOldGen       total 87552K, used 2327K [0x0000000080800000, 0x0000000085d80000, 0x00000000d5800000)
  object space 87552K, 2% used [0x0000000080800000,0x0000000080a45f00,0x0000000085d80000)
 Metaspace       used 21349K, capacity 21588K, committed 21760K, reserved 1069056K
  class space    used 2806K, capacity 2908K, committed 2944K, reserved 1048576K
}
Event: 20.064 GC heap before
{Heap before GC invocations=5 (full 2):
 PSYoungGen      total 38400K, used 3113K [0x00000000d5800000, 0x00000000d8280000, 0x0000000100000000)
  eden space 33280K, 0% used [0x00000000d5800000,0x00000000d5800000,0x00000000d7880000)
  from space 5120K, 60% used [0x00000000d7880000,0x00000000d7b8a6b0,0x00000000d7d80000)
  to   space 5120K, 0% used [0x00000000d7d80000,0x00000000d7d80000,0x00000000d8280000)
 ParOldGen       total 87552K, used 2327K [0x0000000080800000, 0x0000000085d80000, 0x00000000d5800000)
  object space 87552K, 2% used [0x0000000080800000,0x0000000080a45f00,0x0000000085d80000)
 Metaspace       used 21349K, capacity 21588K, committed 21760K, reserved 1069056K
  class space    used 2806K, capacity 2908K, committed 2944K, reserved 1048576K
Event: 20.096 GC heap after
Heap after GC invocations=5 (full 2):
 PSYoungGen      total 38400K, used 0K [0x00000000d5800000, 0x00000000d8280000, 0x0000000100000000)
  eden space 33280K, 0% used [0x00000000d5800000,0x00000000d5800000,0x00000000d7880000)
  from space 5120K, 0% used [0x00000000d7880000,0x00000000d7880000,0x00000000d7d80000)
  to   space 5120K, 0% used [0x00000000d7d80000,0x00000000d7d80000,0x00000000d8280000)
 ParOldGen       total 37888K, used 4489K [0x0000000080800000, 0x0000000082d00000, 0x00000000d5800000)
  object space 37888K, 11% used [0x0000000080800000,0x0000000080c627a8,0x0000000082d00000)
 Metaspace       used 21349K, capacity 21588K, committed 21760K, reserved 1069056K
  class space    used 2806K, capacity 2908K, committed 2944K, reserved 1048576K
}
Event: 28.882 GC heap before
{Heap before GC invocations=6 (full 2):
 PSYoungGen      total 38400K, used 33280K [0x00000000d5800000, 0x00000000d8280000, 0x0000000100000000)
  eden space 33280K, 100% used [0x00000000d5800000,0x00000000d7880000,0x00000000d7880000)
  from space 5120K, 0% used [0x00000000d7880000,0x00000000d7880000,0x00000000d7d80000)
  to   space 5120K, 0% used [0x00000000d7d80000,0x00000000d7d80000,0x00000000d8280000)
 ParOldGen       total 37888K, used 4489K [0x0000000080800000, 0x0000000082d00000, 0x00000000d5800000)
  object space 37888K, 11% used [0x0000000080800000,0x0000000080c627a8,0x0000000082d00000)
 Metaspace       used 26019K, capacity 26268K, committed 26624K, reserved 1073152K
  class space    used 3497K, capacity 3563K, committed 3584K, reserved 1048576K
Event: 28.889 GC heap after
Heap after GC invocations=6 (full 2):
 PSYoungGen      total 38400K, used 5088K [0x00000000d5800000, 0x00000000d8280000, 0x0000000100000000)
  eden space 33280K, 0% used [0x00000000d5800000,0x00000000d5800000,0x00000000d7880000)
  from space 5120K, 99% used [0x00000000d7d80000,0x00000000d82780f0,0x00000000d8280000)
  to   space 5120K, 0% used [0x00000000d7880000,0x00000000d7880000,0x00000000d7d80000)
 ParOldGen       total 37888K, used 5293K [0x0000000080800000, 0x0000000082d00000, 0x00000000d5800000)
  object space 37888K, 13% used [0x0000000080800000,0x0000000080d2b598,0x0000000082d00000)
 Metaspace       used 26019K, capacity 26268K, committed 26624K, reserved 1073152K
  class space    used 3497K, capacity 3563K, committed 3584K, reserved 1048576K
}

Deoptimization events (10 events):
Event: 74.429 Thread 0x000000001ad86000 Uncommon trap: reason=unstable_if action=reinterpret pc=0x0000000003498bf4 method=sun.awt.SunToolkit.isInstanceOf(Ljava/lang/Class;Ljava/lang/String;)Z @ 14
Event: 77.994 Thread 0x000000001ad86000 Uncommon trap: reason=bimorphic action=maybe_recompile pc=0x000000000340cc54 method=java.awt.Component.dispatchEventImpl(Ljava/awt/AWTEvent;)V @ 506
Event: 78.130 Thread 0x000000001ad86000 Uncommon trap: reason=bimorphic action=maybe_recompile pc=0x000000000340cc54 method=java.awt.Component.dispatchEventImpl(Ljava/awt/AWTEvent;)V @ 506
Event: 78.146 Thread 0x000000001ad86000 Uncommon trap: reason=bimorphic action=maybe_recompile pc=0x000000000340cc54 method=java.awt.Component.dispatchEventImpl(Ljava/awt/AWTEvent;)V @ 506
Event: 78.242 Thread 0x000000001ad86000 Uncommon trap: reason=bimorphic action=maybe_recompile pc=0x000000000340cc54 method=java.awt.Component.dispatchEventImpl(Ljava/awt/AWTEvent;)V @ 506
Event: 78.734 Thread 0x000000001ad86000 Uncommon trap: reason=bimorphic action=maybe_recompile pc=0x00000000034c9194 method=java.awt.LightweightDispatcher.eventDispatched(Ljava/awt/AWTEvent;)V @ 70
Event: 78.734 Thread 0x000000001ad86000 Uncommon trap: reason=bimorphic action=maybe_recompile pc=0x00000000034c9194 method=java.awt.LightweightDispatcher.eventDispatched(Ljava/awt/AWTEvent;)V @ 70
Event: 78.748 Thread 0x000000001ad86000 Uncommon trap: reason=bimorphic action=maybe_recompile pc=0x00000000034c9194 method=java.awt.LightweightDispatcher.eventDispatched(Ljava/awt/AWTEvent;)V @ 70
Event: 78.748 Thread 0x000000001ad86000 Uncommon trap: reason=bimorphic action=maybe_recompile pc=0x00000000034c9194 method=java.awt.LightweightDispatcher.eventDispatched(Ljava/awt/AWTEvent;)V @ 70
Event: 82.354 Thread 0x000000001ad86000 Uncommon trap: reason=class_check action=maybe_recompile pc=0x000000000320d7f0 method=sun.awt.windows.WComponentPeer.handleEvent(Ljava/awt/AWTEvent;)V @ 152

Internal exceptions (10 events):
Event: 0.134 Thread 0x0000000002a2e000 Exception <a 'java/security/PrivilegedActionException'> (0x00000000d5fc4388) thrown at [C:\re\workspace\8-2-build-windows-amd64-cygwin\jdk8u45\3457\hotspot\src\share\vm\prims\jvm.cpp, line 1382]
Event: 0.140 Thread 0x0000000002a2e000 Exception <a 'java/io/FileNotFoundException'> (0x00000000d5fc66d8) thrown at [C:\re\workspace\8-2-build-windows-amd64-cygwin\jdk8u45\3457\hotspot\src\share\vm\prims\jni.cpp, line 709]
Event: 0.161 Thread 0x0000000002a2e000 Exception <a 'java/io/FileNotFoundException'> (0x00000000d5fe9f70) thrown at [C:\re\workspace\8-2-build-windows-amd64-cygwin\jdk8u45\3457\hotspot\src\share\vm\prims\jni.cpp, line 709]
Event: 0.189 Thread 0x0000000002a2e000 Exception <a 'java/lang/NoSuchFieldError': method resolution failed> (0x00000000d60bdb00) thrown at [C:\re\workspace\8-2-build-windows-amd64-cygwin\jdk8u45\3457\hotspot\src\share\vm\prims\methodHandles.cpp, line 1125]
Event: 0.190 Thread 0x0000000002a2e000 Exception <a 'java/lang/NoSuchFieldError': method resolution failed> (0x00000000d60cc540) thrown at [C:\re\workspace\8-2-build-windows-amd64-cygwin\jdk8u45\3457\hotspot\src\share\vm\prims\methodHandles.cpp, line 1125]
Event: 0.529 Thread 0x0000000002a2e000 Exception <a 'java/io/FileNotFoundException'> (0x00000000d652b2c0) thrown at [C:\re\workspace\8-2-build-windows-amd64-cygwin\jdk8u45\3457\hotspot\src\share\vm\prims\jni.cpp, line 709]
Event: 7.934 Thread 0x000000001ad86000 Implicit null exception at 0x0000000002d0d16e to 0x0000000002d0de95
Event: 20.353 Thread 0x000000001ad86000 Implicit null exception at 0x0000000003199819 to 0x000000000319a481
Event: 20.369 Thread 0x000000001ad86000 Exception <a 'java/lang/NoClassDefFoundError': org/apache/log4j/Priority> (0x00000000d5e03378) thrown at [C:\re\workspace\8-2-build-windows-amd64-cygwin\jdk8u45\3457\hotspot\src\share\vm\classfile\systemDictionary.cpp, line 199]
Event: 45.897 Thread 0x000000001ad86000 Implicit null exception at 0x00000000032953d4 to 0x0000000003296b79

Events (10 events):
Event: 82.183 loading class com/db4o/internal/TypeHandlerAspect$3 done
Event: 82.330 Executing VM operation: RevokeBias
Event: 82.330 Executing VM operation: RevokeBias done
Event: 82.335 Executing VM operation: RevokeBias
Event: 82.335 Executing VM operation: RevokeBias done
Event: 82.348 Executing VM operation: RevokeBias
Event: 82.348 Executing VM operation: RevokeBias done
Event: 82.354 Thread 0x000000001ad86000 Uncommon trap: trap_request=0xffffffde fr.pc=0x000000000320d7f0
Event: 82.354 Thread 0x000000001ad86000 DEOPT PACKING pc=0x000000000320d7f0 sp=0x000000001e0aa740
Event: 82.354 Thread 0x000000001ad86000 DEOPT UNPACKING pc=0x0000000002a7582a sp=0x000000001e0aa700 mode 2


Dynamic libraries:
0x00007ff611850000 - 0x00007ff611887000 	C:\Program Files\Java\jre1.8.0_45\bin\javaw.exe
0x00007ffe406a0000 - 0x00007ffe4084c000 	C:\WINDOWS\SYSTEM32\ntdll.dll
0x00007ffe3df80000 - 0x00007ffe3e0be000 	C:\WINDOWS\system32\KERNEL32.DLL
0x00007ffe3d970000 - 0x00007ffe3da85000 	C:\WINDOWS\system32\KERNELBASE.dll
0x00007ffe3c390000 - 0x00007ffe3c41e000 	C:\WINDOWS\system32\apphelp.dll
0x00007ffe37ab0000 - 0x00007ffe37b03000 	C:\WINDOWS\AppPatch\AppPatch64\AcGenral.DLL
0x00007ffe3e0c0000 - 0x00007ffe3e16a000 	C:\WINDOWS\system32\msvcrt.dll
0x00007ffe3d5c0000 - 0x00007ffe3d5ee000 	C:\WINDOWS\SYSTEM32\SspiCli.dll
0x00007ffe3e460000 - 0x00007ffe3e4b4000 	C:\WINDOWS\system32\SHLWAPI.dll
0x00007ffe3f9e0000 - 0x00007ffe3fb57000 	C:\WINDOWS\system32\USER32.dll
0x00007ffe3dd20000 - 0x00007ffe3deb4000 	C:\WINDOWS\system32\ole32.dll
0x00007ffe3e4c0000 - 0x00007ffe3f9d8000 	C:\WINDOWS\system32\SHELL32.dll
0x00007ffe3cd80000 - 0x00007ffe3cda1000 	C:\WINDOWS\SYSTEM32\USERENV.dll
0x00007ffe3ded0000 - 0x00007ffe3df7a000 	C:\WINDOWS\system32\ADVAPI32.dll
0x00007ffe39430000 - 0x00007ffe3944e000 	C:\WINDOWS\SYSTEM32\MPR.dll
0x00007ffe3e2d0000 - 0x00007ffe3e411000 	C:\WINDOWS\system32\RPCRT4.dll
0x00007ffe3fff0000 - 0x00007ffe40049000 	C:\WINDOWS\SYSTEM32\sechost.dll
0x00007ffe40240000 - 0x00007ffe40451000 	C:\WINDOWS\SYSTEM32\combase.dll
0x00007ffe3fd40000 - 0x00007ffe3fe91000 	C:\WINDOWS\system32\GDI32.dll
0x00007ffe3d7f0000 - 0x00007ffe3d805000 	C:\WINDOWS\SYSTEM32\profapi.dll
0x00007ffe3c020000 - 0x00007ffe3c0d2000 	C:\WINDOWS\SYSTEM32\SHCORE.dll
0x00007ffe3e420000 - 0x00007ffe3e456000 	C:\WINDOWS\system32\IMM32.DLL
0x00007ffe3e170000 - 0x00007ffe3e2c2000 	C:\WINDOWS\system32\MSCTF.dll
0x00007ffe3b280000 - 0x00007ffe3b4fb000 	C:\WINDOWS\WinSxS\amd64_microsoft.windows.common-controls_6595b64144ccf1df_6.0.9600.17415_none_6240486fecbd8abb\COMCTL32.dll
0x0000000073e20000 - 0x0000000073ef2000 	C:\Program Files\Java\jre1.8.0_45\bin\msvcr100.dll
0x00000000756a0000 - 0x0000000075f23000 	C:\Program Files\Java\jre1.8.0_45\bin\server\jvm.dll
0x00007ffe39ca0000 - 0x00007ffe39ca9000 	C:\WINDOWS\SYSTEM32\WSOCK32.dll
0x00007ffe3ba90000 - 0x00007ffe3bab2000 	C:\WINDOWS\SYSTEM32\WINMM.dll
0x00007ffe3b030000 - 0x00007ffe3b03a000 	C:\WINDOWS\SYSTEM32\VERSION.dll
0x00007ffe3dec0000 - 0x00007ffe3dec7000 	C:\WINDOWS\system32\PSAPI.DLL
0x00007ffe40460000 - 0x00007ffe404ba000 	C:\WINDOWS\system32\WS2_32.dll
0x00007ffe399d0000 - 0x00007ffe399fa000 	C:\WINDOWS\SYSTEM32\WINMMBASE.dll
0x00007ffe404c0000 - 0x00007ffe404c9000 	C:\WINDOWS\system32\NSI.dll
0x00007ffe3d8c0000 - 0x00007ffe3d90f000 	C:\WINDOWS\SYSTEM32\cfgmgr32.dll
0x00007ffe3c5f0000 - 0x00007ffe3c618000 	C:\WINDOWS\SYSTEM32\DEVOBJ.dll
0x00000000761e0000 - 0x00000000761ef000 	C:\Program Files\Java\jre1.8.0_45\bin\verify.dll
0x00000000761b0000 - 0x00000000761d9000 	C:\Program Files\Java\jre1.8.0_45\bin\java.dll
0x0000000076190000 - 0x00000000761a6000 	C:\Program Files\Java\jre1.8.0_45\bin\zip.dll
0x0000000073fa0000 - 0x0000000074138000 	C:\Program Files\Java\jre1.8.0_45\bin\awt.dll
0x00007ffe40170000 - 0x00007ffe40231000 	C:\WINDOWS\system32\OLEAUT32.dll
0x00007ffe3bb40000 - 0x00007ffe3bb61000 	C:\WINDOWS\system32\DWMAPI.DLL
0x00007ffe3c450000 - 0x00007ffe3c579000 	C:\WINDOWS\system32\uxtheme.dll
0x00007ffe37c80000 - 0x00007ffe37ca7000 	C:\Program Files (x86)\Raptr\ltc_help64-96006.dll
0x00007ffe3d910000 - 0x00007ffe3d961000 	C:\WINDOWS\system32\WINTRUST.dll
0x00007ffe3da90000 - 0x00007ffe3dc6f000 	C:\WINDOWS\system32\CRYPT32.dll
0x00007ffe3d8a0000 - 0x00007ffe3d8b1000 	C:\WINDOWS\system32\MSASN1.dll
0x0000000180000000 - 0x000000018001b000 	C:\Program Files (x86)\Common Files\Portrait Displays\Plugins\DP\msgHook64.dll
0x00007ffe3c5e0000 - 0x00007ffe3c5eb000 	C:\WINDOWS\SYSTEM32\kernel.appcore.dll
0x00007ffe3d660000 - 0x00007ffe3d66b000 	C:\WINDOWS\SYSTEM32\CRYPTBASE.dll
0x00007ffe3d5f0000 - 0x00007ffe3d653000 	C:\WINDOWS\SYSTEM32\bcryptPrimitives.dll
0x00007ffe30260000 - 0x00007ffe30481000 	C:\WINDOWS\system32\d3d9.dll
0x00007ffe3b130000 - 0x00007ffe3b27c000 	C:\WINDOWS\SYSTEM32\aticfx64.dll
0x00007ffe1ff10000 - 0x00007ffe1ff31000 	C:\WINDOWS\SYSTEM32\atiu9p64.dll
0x00007ffe17f40000 - 0x00007ffe18736000 	C:\WINDOWS\SYSTEM32\atiumd64.dll
0x0000000074cf0000 - 0x00000000754f8000 	C:\WINDOWS\SYSTEM32\atiumd6a.dll
0x00007ffe3d790000 - 0x00007ffe3d7d6000 	C:\WINDOWS\SYSTEM32\POWRPROF.dll
0x0000000073f50000 - 0x0000000073f97000 	C:\Program Files\Java\jre1.8.0_45\bin\fontmanager.dll
0x00007ffe40050000 - 0x00007ffe40106000 	C:\WINDOWS\SYSTEM32\clbcatq.dll
0x00007ffe39580000 - 0x00007ffe3972e000 	C:\WINDOWS\SYSTEM32\WindowsCodecs.dll
0x00007ffe3d060000 - 0x00007ffe3d080000 	C:\WINDOWS\SYSTEM32\CRYPTSP.dll
0x00007ffe3cc50000 - 0x00007ffe3cc86000 	C:\WINDOWS\system32\rsaenh.dll
0x00007ffe3d2b0000 - 0x00007ffe3d2d6000 	C:\WINDOWS\SYSTEM32\bcrypt.dll
0x0000000076170000 - 0x000000007618a000 	C:\Program Files\Java\jre1.8.0_45\bin\net.dll
0x00007ffe3cff0000 - 0x00007ffe3d049000 	C:\WINDOWS\system32\mswsock.dll
0x0000000076150000 - 0x0000000076161000 	C:\Program Files\Java\jre1.8.0_45\bin\nio.dll
0x0000000073f00000 - 0x0000000073f41000 	C:\Program Files\Java\jre1.8.0_45\bin\t2k.dll
0x00007ffe38730000 - 0x00007ffe3875a000 	C:\WINDOWS\SYSTEM32\IPHLPAPI.DLL
0x00007ffe38700000 - 0x00007ffe3870a000 	C:\WINDOWS\SYSTEM32\WINNSI.DLL
0x00007ffe38320000 - 0x00007ffe38336000 	C:\WINDOWS\SYSTEM32\dhcpcsvc6.DLL
0x00007ffe383c0000 - 0x00007ffe383da000 	C:\WINDOWS\SYSTEM32\dhcpcsvc.DLL
0x00007ffe28650000 - 0x00007ffe28665000 	C:\WINDOWS\system32\napinsp.dll
0x00007ffe28670000 - 0x00007ffe2868a000 	C:\WINDOWS\system32\pnrpnsp.dll
0x00007ffe39bf0000 - 0x00007ffe39c0b000 	C:\WINDOWS\system32\NLAapi.dll
0x00007ffe3cdf0000 - 0x00007ffe3ce94000 	C:\WINDOWS\SYSTEM32\DNSAPI.dll
0x00007ffe38bf0000 - 0x00007ffe38bfd000 	C:\WINDOWS\System32\winrnr.dll
0x00007ffe34370000 - 0x00007ffe3437a000 	C:\Windows\System32\rasadhlp.dll
0x00007ffe38350000 - 0x00007ffe383bb000 	C:\WINDOWS\System32\fwpuclnt.dll
0x00007ffe40680000 - 0x00007ffe40696000 	C:\WINDOWS\system32\imagehlp.dll
0x00007ffe3d280000 - 0x00007ffe3d2a5000 	C:\WINDOWS\system32\ncrypt.dll
0x00007ffe3d240000 - 0x00007ffe3d277000 	C:\WINDOWS\system32\NTASN1.dll
0x00007ffe3c980000 - 0x00007ffe3c9a4000 	C:\WINDOWS\SYSTEM32\gpapi.dll
0x00007ffe2fed0000 - 0x00007ffe2ff09000 	C:\Windows\System32\cryptnet.dll
0x00007ffe40110000 - 0x00007ffe4016c000 	C:\WINDOWS\system32\WLDAP32.dll
0x00007ffe2c8b0000 - 0x00007ffe2cac2000 	C:\PROGRA~2\Raptr\ltc_game64-96006.dll
0x00007ffe36110000 - 0x00007ffe36358000 	C:\WINDOWS\SYSTEM32\WININET.dll
0x00007ffe36600000 - 0x00007ffe368c7000 	C:\WINDOWS\SYSTEM32\iertutil.dll
0x00007ffe35ea0000 - 0x00007ffe3602a000 	C:\WINDOWS\SYSTEM32\dbghelp.dll
0x0000000076120000 - 0x0000000076144000 	C:\Program Files\Java\jre1.8.0_45\bin\sunec.dll
0x00007ffe39780000 - 0x00007ffe3979e000 	C:\Users\PcCom\AppData\Local\Temp\jxbrowser-chromium-39.0.2171.52.5.2\jxbrowser-common64.dll

VM Arguments:
jvm_args: -Dfile.encoding=Cp1252 
java_command: gui.StartWindow
java_class_path (initial): C:\Users\PcCom\Documents\GitHub\RuralHouseProject\RuralHouseProject\ruralhouses;C:\Users\PcCom\Documents\GitHub\RuralHouseProject\RuralHouseProject\additionalLibs\commons-codec-1.9.jar;C:\Users\PcCom\Documents\GitHub\RuralHouseProject\RuralHouseProject\additionalLibs\commons-io-2.4.jar;C:\Users\PcCom\Documents\GitHub\RuralHouseProject\RuralHouseProject\additionalLibs\commons-logging-1.2.jar;C:\Users\PcCom\Documents\GitHub\RuralHouseProject\RuralHouseProject\additionalLibs\fluent-hc-4.4.1.jar;C:\Users\PcCom\Documents\GitHub\RuralHouseProject\RuralHouseProject\additionalLibs\httpclient-4.4.1.jar;C:\Users\PcCom\Documents\GitHub\RuralHouseProject\RuralHouseProject\additionalLibs\httpclient-cache-4.4.1.jar;C:\Users\PcCom\Documents\GitHub\RuralHouseProject\RuralHouseProject\additionalLibs\httpclient-win-4.4.1.jar;C:\Users\PcCom\Documents\GitHub\RuralHouseProject\RuralHouseProject\additionalLibs\httpcore-4.4.1.jar;C:\Users\PcCom\Documents\GitHub\RuralHouseProject\RuralHouseProject\additionalLibs\httpmime-4.4.1.jar;C:\Users\PcCom\Documents\GitHub\RuralHouseProject\RuralHouseProject\additionalLibs\java-json.jar;C:\Users\PcCom\Documents\GitHub\RuralHouseProject\RuralHouseProject\additionalLibs\jcalendar.jar;C:\Users\PcCom\Documents\GitHub\RuralHouseProject\RuralHouseProject\additionalLibs\jna-4.1.0.jar;C:\Users\PcCom\Documents\GitHub\RuralHouseProject\RuralHouseProject\additionalLibs\license.jar;C:\Users\PcCom\Documents\GitHub\RuralHouseProject\RuralHouseProject\additionalLibs\db4o-8.0.249.16098-all-java5.jar;C:\Users\PcCom\Documents\GitHub\RuralHouseProject\RuralHouseProject\additionalLibs\jna-platform-4.1.0.jar;C:\Users\PcCom\Documents\GitHub\RuralHouseProject\RuralHouseProject\additionalLibs\jxbrowser-5.2.jar;C:\Users\PcCom\Documents\GitHub\RuralHouseProject\RuralHouseProject\additionalLibs\jxbrowser-linux32-5.2.jar;C:\Users\PcCom\Documents\GitHub\RuralHouseProject\RuralHouseProject\additionalLibs\jxbrowser-linux64-5.2.jar;C:\Users\PcCom\Docume
Launcher Type: SUN_STANDARD

Environment Variables:
PATH=C:/Program Files/Java/jre1.8.0_45/bin/server;C:/Program Files/Java/jre1.8.0_45/bin;C:/Program Files/Java/jre1.8.0_45/lib/amd64;C:\ProgramData\Oracle\Java\javapath;C:\WINDOWS\system32;C:\WINDOWS;C:\WINDOWS\System32\Wbem;C:\WINDOWS\System32\WindowsPowerShell\v1.0\;C:\Program Files (x86)\ATI Technologies\ATI.ACE\Core-Static;C:\Program Files (x86)\AMD\ATI.ACE\Core-Static;C:\Program Files (x86)\Windows Kits\8.1\Windows Performance Toolkit\;C:\Program Files\Microsoft SQL Server\110\Tools\Binn\;C:\Program Files (x86)\Microsoft SDKs\TypeScript\1.0\;C:\Program Files\Microsoft SQL Server\120\Tools\Binn\;C:\Program Files\eclipse;
USERNAME=PcCom
OS=Windows_NT
PROCESSOR_IDENTIFIER=Intel64 Family 6 Model 58 Stepping 9, GenuineIntel



---------------  S Y S T E M  ---------------

OS: Windows 8.1 , 64 bit Build 9600 (6.3.9600.17415)

CPU:total 8 (4 cores per cpu, 2 threads per core) family 6 model 58 stepping 9, cmov, cx8, fxsr, mmx, sse, sse2, sse3, ssse3, sse4.1, sse4.2, popcnt, avx, aes, clmul, erms, ht, tsc, tscinvbit, tscinv

Memory: 4k page, physical 8347664k(4962872k free), swap 12804112k(6720112k free)

vm_info: Java HotSpot(TM) 64-Bit Server VM (25.45-b02) for windows-amd64 JRE (1.8.0_45-b14), built on Apr 10 2015 10:34:15 by "java_re" with MS VC++ 10.0 (VS2010)

time: Sun May 10 15:16:32 2015
elapsed time: 92 seconds (0d 0h 1m 32s)

